# JRE version: OpenJDK Runtime Environment Temurin-21.0.6+7 (21.0.6+7) (build 21.0.6+7-LTS)
# Java VM: OpenJDK 64-Bit Server VM Temurin-21.0.6+7 (21.0.6+7-LTS, mixed mode, emulated-client, sharing, tiered, compressed oops, compressed class ptrs, g1 gc, windows-amd64)
GC Precious Log:
 CardTable entry size: 512
 Card Set container configuration: InlinePtr #cards 4 size 8 Array Of Cards #cards 32 size 80 Howl #buckets 8 coarsen threshold 7372 Howl Bitmap #cards 1024 size 144 coarsen threshold 921 Card regions per heap region 1 cards per card region 8192
 CPUs: 20 total, 20 available
 Memory: 32535M
 Large Page Support: Disabled
 NUMA Support: Disabled
 Compressed Oops: Enabled (Zero based)
 Heap Region Size: 4M
 Heap Min Capacity: 8M
 Heap Initial Capacity: 512M
 Heap Max Capacity: 8136M
 Pre-touch: Disabled
 Parallel Workers: 15
 Concurrent Workers: 4
 Concurrent Refinement Workers: 15
 Periodic GC: Disabled
Heap:
 garbage-first heap   total 110592K, used 44644K [0x0000000603800000, 0x0000000800000000)
  region size 4096K, 6 young (24576K), 1 survivors (4096K)
 Metaspace       used 53774K, committed 54592K, reserved 1114112K
  class space    used 6916K, committed 7296K, reserved 1048576K
GC Heap History (20 events):
Event: 259.141 GC heap before
{Heap before GC invocations=23 (full 3):
 garbage-first heap   total 81920K, used 60335K [0x0000000603800000, 0x0000000800000000)
  region size 4096K, 11 young (45056K), 2 survivors (8192K)
 Metaspace       used 51904K, committed 52992K, reserved 1114112K
  class space    used 6611K, committed 7104K, reserved 1048576K
}
Event: 259.143 GC heap after
{Heap after GC invocations=24 (full 3):
 garbage-first heap   total 81920K, used 24847K [0x0000000603800000, 0x0000000800000000)
  region size 4096K, 1 young (4096K), 1 survivors (4096K)
 Metaspace       used 51904K, committed 52992K, reserved 1114112K
  class space    used 6611K, committed 7104K, reserved 1048576K
}
Event: 259.315 GC heap before
{Heap before GC invocations=24 (full 3):
 garbage-first heap   total 81920K, used 61711K [0x0000000603800000, 0x0000000800000000)
  region size 4096K, 10 young (40960K), 1 survivors (4096K)
 Metaspace       used 52062K, committed 52992K, reserved 1114112K
  class space    used 6649K, committed 7104K, reserved 1048576K
}
Event: 259.317 GC heap after
{Heap after GC invocations=25 (full 3):
 garbage-first heap   total 81920K, used 27624K [0x0000000603800000, 0x0000000800000000)
  region size 4096K, 2 young (8192K), 2 survivors (8192K)
 Metaspace       used 52062K, committed 52992K, reserved 1114112K
  class space    used 6649K, committed 7104K, reserved 1048576K
}
Event: 678.110 GC heap before
{Heap before GC invocations=25 (full 3):
 garbage-first heap   total 81920K, used 56296K [0x0000000603800000, 0x0000000800000000)
  region size 4096K, 9 young (36864K), 2 survivors (8192K)
 Metaspace       used 52099K, committed 52992K, reserved 1114112K
  class space    used 6655K, committed 7104K, reserved 1048576K
}
Event: 678.117 GC heap after
{Heap after GC invocations=26 (full 3):
 garbage-first heap   total 81920K, used 28019K [0x0000000603800000, 0x0000000800000000)
  region size 4096K, 1 young (4096K), 1 survivors (4096K)
 Metaspace       used 52099K, committed 52992K, reserved 1114112K
  class space    used 6655K, committed 7104K, reserved 1048576K
}
Event: 1597.964 GC heap before
{Heap before GC invocations=26 (full 3):
 garbage-first heap   total 81920K, used 64883K [0x0000000603800000, 0x0000000800000000)
  region size 4096K, 10 young (40960K), 1 survivors (4096K)
 Metaspace       used 52099K, committed 52992K, reserved 1114112K
  class space    used 6655K, committed 7104K, reserved 1048576K
}
Event: 1597.967 GC heap after
{Heap after GC invocations=27 (full 3):
 garbage-first heap   total 81920K, used 27089K [0x0000000603800000, 0x0000000800000000)
  region size 4096K, 1 young (4096K), 1 survivors (4096K)
 Metaspace       used 52099K, committed 52992K, reserved 1114112K
  class space    used 6655K, committed 7104K, reserved 1048576K
}
Event: 2085.352 GC heap before
{Heap before GC invocations=27 (full 3):
 garbage-first heap   total 81920K, used 63953K [0x0000000603800000, 0x0000000800000000)
  region size 4096K, 10 young (40960K), 1 survivors (4096K)
 Metaspace       used 52782K, committed 53632K, reserved 1114112K
  class space    used 6789K, committed 7168K, reserved 1048576K
}
Event: 2085.360 GC heap after
{Heap after GC invocations=28 (full 3):
 garbage-first heap   total 81920K, used 28594K [0x0000000603800000, 0x0000000800000000)
  region size 4096K, 1 young (4096K), 1 survivors (4096K)
 Metaspace       used 52782K, committed 53632K, reserved 1114112K
  class space    used 6789K, committed 7168K, reserved 1048576K
}
Event: 2128.764 GC heap before
{Heap before GC invocations=28 (full 3):
 garbage-first heap   total 81920K, used 32690K [0x0000000603800000, 0x0000000800000000)
  region size 4096K, 3 young (12288K), 1 survivors (4096K)
 Metaspace       used 52882K, committed 53760K, reserved 1114112K
  class space    used 6811K, committed 7232K, reserved 1048576K
}
Event: 2128.766 GC heap after
{Heap after GC invocations=29 (full 3):
 garbage-first heap   total 81920K, used 28634K [0x0000000603800000, 0x0000000800000000)
  region size 4096K, 1 young (4096K), 1 survivors (4096K)
 Metaspace       used 52882K, committed 53760K, reserved 1114112K
  class space    used 6811K, committed 7232K, reserved 1048576K
}
Event: 2694.955 GC heap before
{Heap before GC invocations=30 (full 3):
 garbage-first heap   total 81920K, used 65498K [0x0000000603800000, 0x0000000800000000)
  region size 4096K, 10 young (40960K), 1 survivors (4096K)
 Metaspace       used 53411K, committed 54208K, reserved 1114112K
  class space    used 6873K, committed 7232K, reserved 1048576K
}
Event: 2694.958 GC heap after
{Heap after GC invocations=31 (full 3):
 garbage-first heap   total 303104K, used 27260K [0x0000000603800000, 0x0000000800000000)
  region size 4096K, 1 young (4096K), 1 survivors (4096K)
 Metaspace       used 53411K, committed 54208K, reserved 1114112K
  class space    used 6873K, committed 7232K, reserved 1048576K
}
Event: 2694.966 GC heap before
{Heap before GC invocations=31 (full 3):
 garbage-first heap   total 303104K, used 27260K [0x0000000603800000, 0x0000000800000000)
  region size 4096K, 2 young (8192K), 1 survivors (4096K)
 Metaspace       used 53414K, committed 54208K, reserved 1114112K
  class space    used 6874K, committed 7232K, reserved 1048576K
}
Event: 2694.986 GC heap after
{Heap after GC invocations=32 (full 4):
 garbage-first heap   total 110592K, used 19363K [0x0000000603800000, 0x0000000800000000)
  region size 4096K, 0 young (0K), 0 survivors (0K)
 Metaspace       used 53117K, committed 54208K, reserved 1114112K
  class space    used 6802K, committed 7232K, reserved 1048576K
}
Event: 2695.634 GC heap before
{Heap before GC invocations=32 (full 4):
 garbage-first heap   total 110592K, used 80803K [0x0000000603800000, 0x0000000800000000)
  region size 4096K, 16 young (65536K), 0 survivors (0K)
 Metaspace       used 53390K, committed 54208K, reserved 1114112K
  class space    used 6848K, committed 7232K, reserved 1048576K
}
Event: 2695.636 GC heap after
{Heap after GC invocations=33 (full 4):
 garbage-first heap   total 110592K, used 24924K [0x0000000603800000, 0x0000000800000000)
  region size 4096K, 2 young (8192K), 2 survivors (8192K)
 Metaspace       used 53390K, committed 54208K, reserved 1114112K
  class space    used 6848K, committed 7232K, reserved 1048576K
}
Event: 2695.855 GC heap before
{Heap before GC invocations=33 (full 4):
 garbage-first heap   total 110592K, used 74076K [0x0000000603800000, 0x0000000800000000)
  region size 4096K, 15 young (61440K), 2 survivors (8192K)
 Metaspace       used 53622K, committed 54400K, reserved 1114112K
  class space    used 6887K, committed 7232K, reserved 1048576K
}
Event: 2695.857 GC heap after
{Heap after GC invocations=34 (full 4):
 garbage-first heap   total 110592K, used 28260K [0x0000000603800000, 0x0000000800000000)
  region size 4096K, 1 young (4096K), 1 survivors (4096K)
 Metaspace       used 53622K, committed 54400K, reserved 1114112K
  class space    used 6887K, committed 7232K, reserved 1048576K
}

